25 Aug 2022 09:45:29,055  INFO [utility.Log:42] User ID :USUD_0_2
25 Aug 2022 09:45:29,062  INFO [utility.Log:43] Server Time :1661400927858
25 Aug 2022 09:45:29,063  INFO [utility.Log:44] OTP Expire Time:1662264927744
25 Aug 2022 09:45:29,443  INFO [utility.Log:42] User ID :USUD_0_3
25 Aug 2022 09:45:29,445  INFO [utility.Log:43] Server Time :1661400929363
25 Aug 2022 09:45:29,445  INFO [utility.Log:44] OTP Expire Time:1662264929344
25 Aug 2022 10:05:11,860  INFO [utility.Log:42] User ID :USUD_0_2
25 Aug 2022 10:05:11,867  INFO [utility.Log:43] Server Time :1661402110359
25 Aug 2022 10:05:11,868  INFO [utility.Log:44] OTP Expire Time:1662266110341
25 Aug 2022 10:05:15,237  INFO [utility.Log:42] User ID :USUD_0_3
25 Aug 2022 10:05:15,239  INFO [utility.Log:43] Server Time :1661402115160
25 Aug 2022 10:05:15,239  INFO [utility.Log:44] OTP Expire Time:1662266115141
25 Aug 2022 10:09:02,279  INFO [utility.Log:42] User ID :USUD_0_2
25 Aug 2022 10:09:02,290  INFO [utility.Log:43] Server Time :1661402340862
25 Aug 2022 10:09:02,291  INFO [utility.Log:44] OTP Expire Time:1662266340741
25 Aug 2022 10:09:03,092  INFO [utility.Log:42] User ID :USUD_0_3
25 Aug 2022 10:09:03,093  INFO [utility.Log:43] Server Time :1661402342953
25 Aug 2022 10:09:03,093  INFO [utility.Log:44] OTP Expire Time:1662266342841
25 Aug 2022 10:10:39,340  INFO [utility.Log:42] User ID :USUD_0_2
25 Aug 2022 10:10:39,347  INFO [utility.Log:43] Server Time :1661402437947
25 Aug 2022 10:10:39,348  INFO [utility.Log:44] OTP Expire Time:1662266437742
25 Aug 2022 10:10:40,034  INFO [utility.Log:42] User ID :USUD_0_3
25 Aug 2022 10:10:40,035  INFO [utility.Log:43] Server Time :1661402439950
25 Aug 2022 10:10:40,035  INFO [utility.Log:44] OTP Expire Time:1662266439841
25 Aug 2022 10:14:22,946  INFO [utility.Log:42] User ID :USUD_0_2
25 Aug 2022 10:14:22,955  INFO [utility.Log:43] Server Time :1661402661751
25 Aug 2022 10:14:22,956  INFO [utility.Log:44] OTP Expire Time:1662266661541
25 Aug 2022 10:14:23,528  INFO [utility.Log:42] User ID :USUD_0_3
25 Aug 2022 10:14:23,529  INFO [utility.Log:43] Server Time :1661402663460
25 Aug 2022 10:14:23,530  INFO [utility.Log:44] OTP Expire Time:1662266663443
25 Aug 2022 10:21:05,174  INFO [utility.Log:42] User ID :USUD_0_2
25 Aug 2022 10:21:05,185  INFO [utility.Log:43] Server Time :1661403063858
25 Aug 2022 10:21:05,185  INFO [utility.Log:44] OTP Expire Time:1662267063841
25 Aug 2022 10:21:05,645  INFO [utility.Log:42] User ID :USUD_0_3
25 Aug 2022 10:21:05,646  INFO [utility.Log:43] Server Time :1661403065561
25 Aug 2022 10:21:05,647  INFO [utility.Log:44] OTP Expire Time:1662267065542
25 Aug 2022 10:23:12,314  INFO [utility.Log:42] User ID :USUD_0_2
25 Aug 2022 10:23:12,323  INFO [utility.Log:43] Server Time :1661403191062
25 Aug 2022 10:23:12,324  INFO [utility.Log:44] OTP Expire Time:1662267191046
25 Aug 2022 10:23:12,991  INFO [utility.Log:42] User ID :USUD_0_3
25 Aug 2022 10:23:12,992  INFO [utility.Log:43] Server Time :1661403192859
25 Aug 2022 10:23:12,993  INFO [utility.Log:44] OTP Expire Time:1662267192842
25 Aug 2022 10:31:22,136  INFO [utility.Log:42] User ID :USUD_0_2
25 Aug 2022 10:31:22,147  INFO [utility.Log:43] Server Time :1661403680771
25 Aug 2022 10:31:22,148  INFO [utility.Log:44] OTP Expire Time:1662267680603
25 Aug 2022 10:31:22,719  INFO [utility.Log:42] User ID :USUD_0_3
25 Aug 2022 10:31:22,720  INFO [utility.Log:43] Server Time :1661403682662
25 Aug 2022 10:31:22,720  INFO [utility.Log:44] OTP Expire Time:1662267682643
25 Aug 2022 10:37:31,955  INFO [utility.Log:42] User ID :USUD_0_2
25 Aug 2022 10:37:31,966  INFO [utility.Log:43] Server Time :1661404050453
25 Aug 2022 10:37:31,967  INFO [utility.Log:44] OTP Expire Time:1662268050241
25 Aug 2022 10:37:32,675  INFO [utility.Log:42] User ID :USUD_0_3
25 Aug 2022 10:37:32,676  INFO [utility.Log:43] Server Time :1661404052563
25 Aug 2022 10:37:32,676  INFO [utility.Log:44] OTP Expire Time:1662268052463
25 Aug 2022 10:40:05,329  INFO [utility.Log:42] User ID :USUD_0_2
25 Aug 2022 10:40:05,337  INFO [utility.Log:43] Server Time :1661404204043
25 Aug 2022 10:40:05,338  INFO [utility.Log:44] OTP Expire Time:1662268203841
25 Aug 2022 10:40:05,923  INFO [utility.Log:42] User ID :USUD_0_3
25 Aug 2022 10:40:05,924  INFO [utility.Log:43] Server Time :1661404205858
25 Aug 2022 10:40:05,924  INFO [utility.Log:44] OTP Expire Time:1662268205841
25 Aug 2022 10:42:04,762  INFO [utility.Log:42] User ID :USUD_0_2
25 Aug 2022 10:42:04,772  INFO [utility.Log:43] Server Time :1661404322857
25 Aug 2022 10:42:04,773  INFO [utility.Log:44] OTP Expire Time:1662268322655
25 Aug 2022 10:42:05,463  INFO [utility.Log:42] User ID :USUD_0_3
25 Aug 2022 10:42:05,464  INFO [utility.Log:43] Server Time :1661404325352
25 Aug 2022 10:42:05,464  INFO [utility.Log:44] OTP Expire Time:1662268325241
26 Aug 2022 23:27:22,735  INFO [utility.Log:87] User ID :USUD_0_2
26 Aug 2022 23:27:22,747  INFO [utility.Log:88] Server Time :1661536640562
26 Aug 2022 23:27:22,749  INFO [utility.Log:89] OTP Expire Time:1662400640549
26 Aug 2022 23:27:23,231  INFO [utility.Log:45] User ID :USUD_0_2
26 Aug 2022 23:27:23,232  INFO [utility.Log:46] Server Time :1661536642265
26 Aug 2022 23:27:23,232  INFO [utility.Log:47] OTP Expire Time:1662400642250
26 Aug 2022 23:27:23,755  INFO [utility.Log:45] User ID :USUD_0_3
26 Aug 2022 23:27:23,757  INFO [utility.Log:46] Server Time :1661536642764
26 Aug 2022 23:27:23,758  INFO [utility.Log:47] OTP Expire Time:1662400642649
26 Aug 2022 23:27:24,131  INFO [utility.Log:87] User ID :USUD_0_2
26 Aug 2022 23:27:24,132  INFO [utility.Log:88] Server Time :1661536643155
26 Aug 2022 23:27:24,132  INFO [utility.Log:89] OTP Expire Time:1662400643068
26 Aug 2022 23:29:35,493  INFO [utility.Log:87] User ID :USUD_0_2
26 Aug 2022 23:29:35,500  INFO [utility.Log:88] Server Time :1661536773463
26 Aug 2022 23:29:35,500  INFO [utility.Log:89] OTP Expire Time:1662400773449
26 Aug 2022 23:29:36,046  INFO [utility.Log:45] User ID :USUD_0_2
26 Aug 2022 23:29:36,047  INFO [utility.Log:46] Server Time :1661536775063
26 Aug 2022 23:29:36,047  INFO [utility.Log:47] OTP Expire Time:1662400775050
26 Aug 2022 23:29:36,673  INFO [utility.Log:45] User ID :USUD_0_3
26 Aug 2022 23:29:36,674  INFO [utility.Log:46] Server Time :1661536775663
26 Aug 2022 23:29:36,675  INFO [utility.Log:47] OTP Expire Time:1662400775649
26 Aug 2022 23:29:37,159  INFO [utility.Log:87] User ID :USUD_0_2
26 Aug 2022 23:29:37,160  INFO [utility.Log:88] Server Time :1661536776159
26 Aug 2022 23:29:37,161  INFO [utility.Log:89] OTP Expire Time:1662400776149
26 Aug 2022 23:34:32,797  INFO [utility.Log:87] User ID :USUD_0_2
26 Aug 2022 23:34:32,802  INFO [utility.Log:88] Server Time :1661537070861
26 Aug 2022 23:34:32,803  INFO [utility.Log:89] OTP Expire Time:1662401070849
26 Aug 2022 23:34:33,238  INFO [utility.Log:45] User ID :USUD_0_2
26 Aug 2022 23:34:33,239  INFO [utility.Log:46] Server Time :1661537072264
26 Aug 2022 23:34:33,240  INFO [utility.Log:47] OTP Expire Time:1662401072250
26 Aug 2022 23:34:33,765  INFO [utility.Log:45] User ID :USUD_0_3
26 Aug 2022 23:34:33,766  INFO [utility.Log:46] Server Time :1661537072774
26 Aug 2022 23:34:33,766  INFO [utility.Log:47] OTP Expire Time:1662401072649
26 Aug 2022 23:34:34,138  INFO [utility.Log:87] User ID :USUD_0_2
26 Aug 2022 23:34:34,139  INFO [utility.Log:88] Server Time :1661537073163
26 Aug 2022 23:34:34,140  INFO [utility.Log:89] OTP Expire Time:1662401073150
26 Aug 2022 23:47:40,368  INFO [utility.Log:87] User ID :USUD_0_2
26 Aug 2022 23:47:40,375  INFO [utility.Log:88] Server Time :1661537858458
26 Aug 2022 23:47:40,376  INFO [utility.Log:89] OTP Expire Time:1662401858369
26 Aug 2022 23:47:40,955  INFO [utility.Log:45] User ID :USUD_0_2
26 Aug 2022 23:47:40,956  INFO [utility.Log:46] Server Time :1661537859965
26 Aug 2022 23:47:40,956  INFO [utility.Log:47] OTP Expire Time:1662401859771
26 Aug 2022 23:47:41,456  INFO [utility.Log:45] User ID :USUD_0_3
26 Aug 2022 23:47:41,456  INFO [utility.Log:46] Server Time :1661537860464
26 Aug 2022 23:47:41,457  INFO [utility.Log:47] OTP Expire Time:1662401860450
26 Aug 2022 23:47:41,970  INFO [utility.Log:87] User ID :USUD_0_2
26 Aug 2022 23:47:41,970  INFO [utility.Log:88] Server Time :1661537860954
26 Aug 2022 23:47:41,971  INFO [utility.Log:89] OTP Expire Time:1662401860871
07 Sep 2022 09:59:57,874  INFO [utility.Log:40] User ID :USUD_0_2
07 Sep 2022 09:59:57,889  INFO [utility.Log:41] Server Time :1662524996363
07 Sep 2022 09:59:57,890  INFO [utility.Log:42] OTP Expire Time:1663388996203
07 Sep 2022 09:59:57,874  INFO [utility.Log:40] User ID :USUD_0_3
07 Sep 2022 09:59:57,897  INFO [utility.Log:41] Server Time :1662524996367
07 Sep 2022 09:59:57,899  INFO [utility.Log:42] OTP Expire Time:1663388996124
07 Sep 2022 09:59:57,914  INFO [utility.Log:73] User ID :USUD_0_2
07 Sep 2022 09:59:57,915  INFO [utility.Log:74] Server Time :1662524996365
07 Sep 2022 09:59:57,916  INFO [utility.Log:75] OTP Expire Time:1663388996128
07 Sep 2022 09:59:57,933  INFO [utility.Log:73] User ID :USUD_0_2
07 Sep 2022 09:59:57,934  INFO [utility.Log:74] Server Time :1662524996146
07 Sep 2022 09:59:57,937  INFO [utility.Log:75] OTP Expire Time:1663388996043
07 Sep 2022 10:03:50,961  INFO [utility.Log:40] User ID :USUD_0_2
07 Sep 2022 10:03:50,970  INFO [utility.Log:41] Server Time :1662525229964
07 Sep 2022 10:03:50,971  INFO [utility.Log:42] OTP Expire Time:1663389229664
07 Sep 2022 10:03:50,961  INFO [utility.Log:40] User ID :USUD_0_3
07 Sep 2022 10:03:50,977  INFO [utility.Log:41] Server Time :1662525229836
07 Sep 2022 10:03:50,978  INFO [utility.Log:42] OTP Expire Time:1663389229724
07 Sep 2022 10:03:50,980  INFO [utility.Log:73] User ID :USUD_0_2
07 Sep 2022 10:03:50,981  INFO [utility.Log:74] Server Time :1662525229680
07 Sep 2022 10:03:50,983  INFO [utility.Log:75] OTP Expire Time:1663389229645
07 Sep 2022 10:03:51,013  INFO [utility.Log:73] User ID :USUD_0_2
07 Sep 2022 10:03:51,015  INFO [utility.Log:74] Server Time :1662525229642
07 Sep 2022 10:03:51,015  INFO [utility.Log:75] OTP Expire Time:1663389229561
07 Sep 2022 10:06:10,321  INFO [utility.Log:73] User ID :USUD_0_2
07 Sep 2022 10:06:10,328  INFO [utility.Log:74] Server Time :1662525369030
07 Sep 2022 10:06:10,329  INFO [utility.Log:75] OTP Expire Time:1663389368921
07 Sep 2022 10:06:10,323  INFO [utility.Log:73] User ID :USUD_0_2
07 Sep 2022 10:06:10,344  INFO [utility.Log:40] User ID :USUD_0_3
07 Sep 2022 10:06:10,349  INFO [utility.Log:41] Server Time :1662525369183
07 Sep 2022 10:06:10,349  INFO [utility.Log:42] OTP Expire Time:1663389369082
07 Sep 2022 10:06:10,342  INFO [utility.Log:40] User ID :USUD_0_2
07 Sep 2022 10:06:10,351  INFO [utility.Log:41] Server Time :1662525369170
07 Sep 2022 10:06:10,351  INFO [utility.Log:42] OTP Expire Time:1663389369081
07 Sep 2022 10:06:10,348  INFO [utility.Log:74] Server Time :1662525369091
07 Sep 2022 10:06:10,353  INFO [utility.Log:75] OTP Expire Time:1663389369002
07 Sep 2022 10:34:06,593  INFO [utility.Log:40] User ID :USUD_0_2
07 Sep 2022 10:34:06,624  INFO [utility.Log:41] Server Time :1662527044943
07 Sep 2022 10:34:06,626  INFO [utility.Log:42] OTP Expire Time:1663391044848
07 Sep 2022 10:34:06,620  INFO [utility.Log:73] User ID :USUD_0_2
07 Sep 2022 10:34:06,608  INFO [utility.Log:73] User ID :USUD_0_2
07 Sep 2022 10:34:06,633  INFO [utility.Log:74] Server Time :1662527044714
07 Sep 2022 10:34:06,634  INFO [utility.Log:75] OTP Expire Time:1663391044606
07 Sep 2022 10:34:06,632  INFO [utility.Log:74] Server Time :1662527044934
07 Sep 2022 10:34:06,636  INFO [utility.Log:75] OTP Expire Time:1663391044769
07 Sep 2022 10:34:06,635  INFO [utility.Log:40] User ID :USUD_0_3
07 Sep 2022 10:34:06,638  INFO [utility.Log:41] Server Time :1662527044863
07 Sep 2022 10:34:06,639  INFO [utility.Log:42] OTP Expire Time:1663391044763
07 Sep 2022 10:35:18,886  INFO [utility.Log:73] User ID :USUD_0_2
07 Sep 2022 10:35:18,899  INFO [utility.Log:74] Server Time :1662527116627
07 Sep 2022 10:35:18,900  INFO [utility.Log:75] OTP Expire Time:1663391116523
07 Sep 2022 10:35:18,890  INFO [utility.Log:40] User ID :USUD_0_3
07 Sep 2022 10:35:18,909  INFO [utility.Log:41] Server Time :1662527116941
07 Sep 2022 10:35:18,910  INFO [utility.Log:42] OTP Expire Time:1663391116769
07 Sep 2022 10:35:18,900  INFO [utility.Log:40] User ID :USUD_0_2
07 Sep 2022 10:35:18,913  INFO [utility.Log:41] Server Time :1662527116931
07 Sep 2022 10:35:18,914  INFO [utility.Log:42] OTP Expire Time:1663391116763
07 Sep 2022 10:35:18,910  INFO [utility.Log:73] User ID :USUD_0_2
07 Sep 2022 10:35:18,917  INFO [utility.Log:74] Server Time :1662527116695
07 Sep 2022 10:35:18,917  INFO [utility.Log:75] OTP Expire Time:1663391116611
07 Sep 2022 10:36:20,811  INFO [utility.Log:40] User ID :USUD_0_2
07 Sep 2022 10:36:20,825  INFO [utility.Log:41] Server Time :1662527178885
07 Sep 2022 10:36:20,826  INFO [utility.Log:42] OTP Expire Time:1663391178761
07 Sep 2022 10:36:20,817  INFO [utility.Log:40] User ID :USUD_0_3
07 Sep 2022 10:36:20,816  INFO [utility.Log:73] User ID :USUD_0_2
07 Sep 2022 10:36:20,835  INFO [utility.Log:74] Server Time :1662527178921
07 Sep 2022 10:36:20,836  INFO [utility.Log:75] OTP Expire Time:1663391178762
07 Sep 2022 10:36:20,814  INFO [utility.Log:73] User ID :USUD_0_2
07 Sep 2022 10:36:20,840  INFO [utility.Log:74] Server Time :1662527178866
07 Sep 2022 10:36:20,834  INFO [utility.Log:41] Server Time :1662527178879
07 Sep 2022 10:36:20,842  INFO [utility.Log:75] OTP Expire Time:1663391178681
07 Sep 2022 10:36:20,843  INFO [utility.Log:42] OTP Expire Time:1663391178843
07 Sep 2022 10:37:13,980  INFO [utility.Log:40] User ID :USUD_0_2
07 Sep 2022 10:37:13,996  INFO [utility.Log:41] Server Time :1662527231971
07 Sep 2022 10:37:13,997  INFO [utility.Log:42] OTP Expire Time:1663391231726
07 Sep 2022 10:37:13,983  INFO [utility.Log:73] User ID :USUD_0_2
07 Sep 2022 10:37:14,009  INFO [utility.Log:74] Server Time :1662527231809
07 Sep 2022 10:37:14,011  INFO [utility.Log:75] OTP Expire Time:1663391231646
07 Sep 2022 10:37:13,984  INFO [utility.Log:73] User ID :USUD_0_2
07 Sep 2022 10:37:14,024  INFO [utility.Log:74] Server Time :1662527231757
07 Sep 2022 10:37:14,025  INFO [utility.Log:75] OTP Expire Time:1663391231649
07 Sep 2022 10:37:13,997  INFO [utility.Log:40] User ID :USUD_0_3
07 Sep 2022 10:37:14,036  INFO [utility.Log:41] Server Time :1662527231978
07 Sep 2022 10:37:14,037  INFO [utility.Log:42] OTP Expire Time:1663391231733
07 Sep 2022 10:38:08,436  INFO [utility.Log:40] User ID :USUD_0_3
07 Sep 2022 10:38:08,439  INFO [utility.Log:73] User ID :USUD_0_2
07 Sep 2022 10:38:08,438  INFO [utility.Log:73] User ID :USUD_0_2
07 Sep 2022 10:38:08,439  INFO [utility.Log:40] User ID :USUD_0_2
07 Sep 2022 10:38:08,451  INFO [utility.Log:74] Server Time :1662527286787
07 Sep 2022 10:38:08,450  INFO [utility.Log:74] Server Time :1662527286622
07 Sep 2022 10:38:08,453  INFO [utility.Log:75] OTP Expire Time:1663391286522
07 Sep 2022 10:38:08,446  INFO [utility.Log:41] Server Time :1662527287095
07 Sep 2022 10:38:08,459  INFO [utility.Log:42] OTP Expire Time:1663391286791
07 Sep 2022 10:38:08,453  INFO [utility.Log:75] OTP Expire Time:1663391286602
07 Sep 2022 10:38:08,452  INFO [utility.Log:41] Server Time :1662527287099
07 Sep 2022 10:38:08,462  INFO [utility.Log:42] OTP Expire Time:1663391286700
07 Sep 2022 10:40:00,917  INFO [utility.Log:73] User ID :USUD_0_2
07 Sep 2022 10:40:00,922  INFO [utility.Log:40] User ID :USUD_0_2
07 Sep 2022 10:40:00,918  INFO [utility.Log:40] User ID :USUD_0_3
07 Sep 2022 10:40:00,917  INFO [utility.Log:73] User ID :USUD_0_2
07 Sep 2022 10:40:00,931  INFO [utility.Log:41] Server Time :1662527399104
07 Sep 2022 10:40:00,932  INFO [utility.Log:42] OTP Expire Time:1663391398926
07 Sep 2022 10:40:00,930  INFO [utility.Log:41] Server Time :1662527398962
07 Sep 2022 10:40:00,936  INFO [utility.Log:42] OTP Expire Time:1663391398925
07 Sep 2022 10:40:00,928  INFO [utility.Log:74] Server Time :1662527398882
07 Sep 2022 10:40:00,938  INFO [utility.Log:75] OTP Expire Time:1663391398762
07 Sep 2022 10:40:00,932  INFO [utility.Log:74] Server Time :1662527398924
07 Sep 2022 10:40:00,939  INFO [utility.Log:75] OTP Expire Time:1663391398841
07 Sep 2022 10:40:59,037  INFO [utility.Log:40] User ID :USUD_0_3
07 Sep 2022 10:40:59,047  INFO [utility.Log:41] Server Time :1662527457007
07 Sep 2022 10:40:59,039  INFO [utility.Log:40] User ID :USUD_0_2
07 Sep 2022 10:40:59,051  INFO [utility.Log:41] Server Time :1662527456939
07 Sep 2022 10:40:59,052  INFO [utility.Log:42] OTP Expire Time:1663391456723
07 Sep 2022 10:40:59,037  INFO [utility.Log:73] User ID :USUD_0_2
07 Sep 2022 10:40:59,054  INFO [utility.Log:74] Server Time :1662527456790
07 Sep 2022 10:40:59,037  INFO [utility.Log:73] User ID :USUD_0_2
07 Sep 2022 10:40:59,056  INFO [utility.Log:74] Server Time :1662527456929
07 Sep 2022 10:40:59,055  INFO [utility.Log:75] OTP Expire Time:1663391456601
07 Sep 2022 10:40:59,048  INFO [utility.Log:42] OTP Expire Time:1663391456846
07 Sep 2022 10:40:59,057  INFO [utility.Log:75] OTP Expire Time:1663391456680
07 Sep 2022 10:44:03,718  INFO [utility.Log:73] User ID :USUD_0_2
07 Sep 2022 10:44:03,718  INFO [utility.Log:73] User ID :USUD_0_2
07 Sep 2022 10:44:03,718  INFO [utility.Log:40] User ID :USUD_0_2
07 Sep 2022 10:44:03,718  INFO [utility.Log:40] User ID :USUD_0_3
07 Sep 2022 10:44:03,727  INFO [utility.Log:41] Server Time :1662527642536
07 Sep 2022 10:44:03,728  INFO [utility.Log:42] OTP Expire Time:1663391642373
07 Sep 2022 10:44:03,726  INFO [utility.Log:74] Server Time :1662527642446
07 Sep 2022 10:44:03,725  INFO [utility.Log:74] Server Time :1662527642384
07 Sep 2022 10:44:03,730  INFO [utility.Log:75] OTP Expire Time:1663391642202
07 Sep 2022 10:44:03,730  INFO [utility.Log:75] OTP Expire Time:1663391642283
07 Sep 2022 10:44:03,728  INFO [utility.Log:41] Server Time :1662527642522
07 Sep 2022 10:44:03,732  INFO [utility.Log:42] OTP Expire Time:1663391642385
07 Sep 2022 10:44:56,150  INFO [utility.Log:73] User ID :USUD_0_2
07 Sep 2022 10:44:56,159  INFO [utility.Log:74] Server Time :1662527694874
07 Sep 2022 10:44:56,161  INFO [utility.Log:75] OTP Expire Time:1663391694764
07 Sep 2022 10:44:56,151  INFO [utility.Log:40] User ID :USUD_0_2
07 Sep 2022 10:44:56,166  INFO [utility.Log:41] Server Time :1662527695082
07 Sep 2022 10:44:56,167  INFO [utility.Log:42] OTP Expire Time:1663391694850
07 Sep 2022 10:44:56,172  INFO [utility.Log:73] User ID :USUD_0_2
07 Sep 2022 10:44:56,173  INFO [utility.Log:74] Server Time :1662527694928
07 Sep 2022 10:44:56,174  INFO [utility.Log:75] OTP Expire Time:1663391694765
07 Sep 2022 10:44:56,150  INFO [utility.Log:40] User ID :USUD_0_3
07 Sep 2022 10:44:56,175  INFO [utility.Log:41] Server Time :1662527695095
07 Sep 2022 10:44:56,176  INFO [utility.Log:42] OTP Expire Time:1663391694925
07 Sep 2022 10:46:30,896  INFO [utility.Log:73] User ID :USUD_0_2
07 Sep 2022 10:46:30,900  INFO [utility.Log:73] User ID :USUD_0_2
07 Sep 2022 10:46:30,909  INFO [utility.Log:74] Server Time :1662527789490
07 Sep 2022 10:46:30,897  INFO [utility.Log:40] User ID :USUD_0_3
07 Sep 2022 10:46:30,896  INFO [utility.Log:40] User ID :USUD_0_2
07 Sep 2022 10:46:30,911  INFO [utility.Log:41] Server Time :1662527789562
07 Sep 2022 10:46:30,913  INFO [utility.Log:42] OTP Expire Time:1663391789326
07 Sep 2022 10:46:30,910  INFO [utility.Log:75] OTP Expire Time:1663391789245
07 Sep 2022 10:46:30,907  INFO [utility.Log:74] Server Time :1662527789249
07 Sep 2022 10:46:30,916  INFO [utility.Log:75] OTP Expire Time:1663391789169
07 Sep 2022 10:46:30,912  INFO [utility.Log:41] Server Time :1662527789499
07 Sep 2022 10:46:30,917  INFO [utility.Log:42] OTP Expire Time:1663391789322
07 Sep 2022 10:47:44,513  INFO [utility.Log:73] User ID :USUD_0_2
07 Sep 2022 10:47:44,521  INFO [utility.Log:73] User ID :USUD_0_2
07 Sep 2022 10:47:44,524  INFO [utility.Log:74] Server Time :1662527863264
07 Sep 2022 10:47:44,521  INFO [utility.Log:40] User ID :USUD_0_3
07 Sep 2022 10:47:44,525  INFO [utility.Log:41] Server Time :1662527863569
07 Sep 2022 10:47:44,526  INFO [utility.Log:42] OTP Expire Time:1663391863242
07 Sep 2022 10:47:44,515  INFO [utility.Log:40] User ID :USUD_0_2
07 Sep 2022 10:47:44,529  INFO [utility.Log:41] Server Time :1662527863642
07 Sep 2022 10:47:44,530  INFO [utility.Log:42] OTP Expire Time:1663391863323
07 Sep 2022 10:47:44,524  INFO [utility.Log:75] OTP Expire Time:1663391863161
07 Sep 2022 10:47:44,522  INFO [utility.Log:74] Server Time :1662527863576
07 Sep 2022 10:47:44,534  INFO [utility.Log:75] OTP Expire Time:1663391863161
07 Sep 2022 10:49:04,941  INFO [utility.Log:40] User ID :USUD_0_2
07 Sep 2022 10:49:04,951  INFO [utility.Log:41] Server Time :1662527944041
07 Sep 2022 10:49:04,951  INFO [utility.Log:42] OTP Expire Time:1663391943825
07 Sep 2022 10:49:04,941  INFO [utility.Log:73] User ID :USUD_0_2
07 Sep 2022 10:49:04,955  INFO [utility.Log:74] Server Time :1662527943986
07 Sep 2022 10:49:04,955  INFO [utility.Log:75] OTP Expire Time:1663391943808
07 Sep 2022 10:49:04,941  INFO [utility.Log:40] User ID :USUD_0_3
07 Sep 2022 10:49:04,957  INFO [utility.Log:41] Server Time :1662527943766
07 Sep 2022 10:49:04,958  INFO [utility.Log:42] OTP Expire Time:1663391943652
07 Sep 2022 10:49:04,952  INFO [utility.Log:73] User ID :USUD_0_2
07 Sep 2022 10:49:04,960  INFO [utility.Log:74] Server Time :1662527943826
07 Sep 2022 10:49:04,964  INFO [utility.Log:75] OTP Expire Time:1663391943653
07 Sep 2022 10:54:39,359  INFO [utility.Log:73] User ID :USUD_0_2
07 Sep 2022 10:54:39,359  INFO [utility.Log:40] User ID :USUD_0_3
07 Sep 2022 10:54:39,359  INFO [utility.Log:40] User ID :USUD_0_2
07 Sep 2022 10:54:39,359  INFO [utility.Log:73] User ID :USUD_0_2
07 Sep 2022 10:54:39,369  INFO [utility.Log:41] Server Time :1662528277888
07 Sep 2022 10:54:39,368  INFO [utility.Log:41] Server Time :1662528277903
07 Sep 2022 10:54:39,367  INFO [utility.Log:74] Server Time :1662528277802
07 Sep 2022 10:54:39,370  INFO [utility.Log:42] OTP Expire Time:1663392277740
07 Sep 2022 10:54:39,370  INFO [utility.Log:42] OTP Expire Time:1663392277722
07 Sep 2022 10:54:39,369  INFO [utility.Log:74] Server Time :1662528277749
07 Sep 2022 10:54:39,372  INFO [utility.Log:75] OTP Expire Time:1663392277573
07 Sep 2022 10:54:39,371  INFO [utility.Log:75] OTP Expire Time:1663392277643
07 Sep 2022 10:56:27,400  INFO [utility.Log:40] User ID :USUD_0_3
07 Sep 2022 10:56:27,400  INFO [utility.Log:73] User ID :USUD_0_2
07 Sep 2022 10:56:27,400  INFO [utility.Log:40] User ID :USUD_0_2
07 Sep 2022 10:56:27,400  INFO [utility.Log:73] User ID :USUD_0_2
07 Sep 2022 10:56:27,412  INFO [utility.Log:74] Server Time :1662528385906
07 Sep 2022 10:56:27,411  INFO [utility.Log:41] Server Time :1662528385965
07 Sep 2022 10:56:27,414  INFO [utility.Log:42] OTP Expire Time:1663392385646
07 Sep 2022 10:56:27,411  INFO [utility.Log:74] Server Time :1662528385970
07 Sep 2022 10:56:27,415  INFO [utility.Log:75] OTP Expire Time:1663392385643
07 Sep 2022 10:56:27,409  INFO [utility.Log:41] Server Time :1662528385970
07 Sep 2022 10:56:27,413  INFO [utility.Log:75] OTP Expire Time:1663392385646
07 Sep 2022 10:56:27,418  INFO [utility.Log:42] OTP Expire Time:1663392385728
07 Sep 2022 11:10:43,775  INFO [utility.Log:40] User ID :USUD_0_3
07 Sep 2022 11:10:43,777  INFO [utility.Log:73] User ID :USUD_0_2
07 Sep 2022 11:10:43,786  INFO [utility.Log:74] Server Time :1662529242776
07 Sep 2022 11:10:43,775  INFO [utility.Log:73] User ID :USUD_0_2
07 Sep 2022 11:10:43,788  INFO [utility.Log:74] Server Time :1662529242533
07 Sep 2022 11:10:43,789  INFO [utility.Log:75] OTP Expire Time:1663393242385
07 Sep 2022 11:10:43,775  INFO [utility.Log:40] User ID :USUD_0_2
07 Sep 2022 11:10:43,790  INFO [utility.Log:41] Server Time :1662529242790
07 Sep 2022 11:10:43,787  INFO [utility.Log:75] OTP Expire Time:1663393242529
07 Sep 2022 11:10:43,784  INFO [utility.Log:41] Server Time :1662529242786
07 Sep 2022 11:10:43,794  INFO [utility.Log:42] OTP Expire Time:1663393242609
07 Sep 2022 11:10:43,791  INFO [utility.Log:42] OTP Expire Time:1663393242609
07 Sep 2022 11:30:25,311  INFO [utility.Log:73] User ID :USUD_0_2
07 Sep 2022 11:30:25,330  INFO [utility.Log:74] Server Time :1662530423973
07 Sep 2022 11:30:25,316  INFO [utility.Log:73] User ID :USUD_0_2
07 Sep 2022 11:30:25,335  INFO [utility.Log:74] Server Time :1662530423981
07 Sep 2022 11:30:25,337  INFO [utility.Log:75] OTP Expire Time:1663394423883
07 Sep 2022 11:30:25,330  INFO [utility.Log:75] OTP Expire Time:1663394423883
07 Sep 2022 11:30:25,377  INFO [utility.Log:40] User ID :USUD_0_3
07 Sep 2022 11:30:25,379  INFO [utility.Log:41] Server Time :1662530424129
07 Sep 2022 11:30:25,380  INFO [utility.Log:42] OTP Expire Time:1663394423966
07 Sep 2022 11:30:25,384  INFO [utility.Log:40] User ID :USUD_0_2
07 Sep 2022 11:30:25,384  INFO [utility.Log:41] Server Time :1662530424130
07 Sep 2022 11:30:25,386  INFO [utility.Log:42] OTP Expire Time:1663394423977
07 Sep 2022 11:32:41,278  INFO [utility.Log:73] User ID :USUD_0_2
07 Sep 2022 11:32:41,287  INFO [utility.Log:74] Server Time :1662530559905
07 Sep 2022 11:32:41,288  INFO [utility.Log:75] OTP Expire Time:1663394559880
07 Sep 2022 11:32:41,294  INFO [utility.Log:40] User ID :USUD_0_3
07 Sep 2022 11:32:41,301  INFO [utility.Log:41] Server Time :1662530560201
07 Sep 2022 11:32:41,302  INFO [utility.Log:42] OTP Expire Time:1663394560041
07 Sep 2022 11:32:41,290  INFO [utility.Log:73] User ID :USUD_0_2
07 Sep 2022 11:32:41,319  INFO [utility.Log:74] Server Time :1662530560142
07 Sep 2022 11:32:41,320  INFO [utility.Log:75] OTP Expire Time:1663394559962
07 Sep 2022 11:32:41,318  INFO [utility.Log:40] User ID :USUD_0_2
07 Sep 2022 11:32:41,324  INFO [utility.Log:41] Server Time :1662530560363
07 Sep 2022 11:32:41,325  INFO [utility.Log:42] OTP Expire Time:1663394560040
07 Sep 2022 11:34:45,278  INFO [utility.Log:73] User ID :USUD_0_2
07 Sep 2022 11:34:45,278  INFO [utility.Log:73] User ID :USUD_0_2
07 Sep 2022 11:34:45,278  INFO [utility.Log:40] User ID :USUD_0_2
07 Sep 2022 11:34:45,291  INFO [utility.Log:41] Server Time :1662530684210
07 Sep 2022 11:34:45,292  INFO [utility.Log:42] OTP Expire Time:1663394684065
07 Sep 2022 11:34:45,278  INFO [utility.Log:40] User ID :USUD_0_3
07 Sep 2022 11:34:45,296  INFO [utility.Log:41] Server Time :1662530684222
07 Sep 2022 11:34:45,296  INFO [utility.Log:42] OTP Expire Time:1663394684058
07 Sep 2022 11:34:45,290  INFO [utility.Log:74] Server Time :1662530684050
07 Sep 2022 11:34:45,287  INFO [utility.Log:74] Server Time :1662530684051
07 Sep 2022 11:34:45,298  INFO [utility.Log:75] OTP Expire Time:1663394683882
07 Sep 2022 11:34:45,297  INFO [utility.Log:75] OTP Expire Time:1663394683882
07 Sep 2022 11:47:29,405  INFO [utility.Log:40] User ID :USUD_0_2
07 Sep 2022 11:47:29,407  INFO [utility.Log:73] User ID :USUD_0_2
07 Sep 2022 11:47:29,405  INFO [utility.Log:40] User ID :USUD_0_3
07 Sep 2022 11:47:29,405  INFO [utility.Log:73] User ID :USUD_0_2
07 Sep 2022 11:47:29,414  INFO [utility.Log:74] Server Time :1662531448219
07 Sep 2022 11:47:29,414  INFO [utility.Log:75] OTP Expire Time:1663395448122
07 Sep 2022 11:47:29,413  INFO [utility.Log:41] Server Time :1662531448443
07 Sep 2022 11:47:29,416  INFO [utility.Log:42] OTP Expire Time:1663395448284
07 Sep 2022 11:47:29,413  INFO [utility.Log:74] Server Time :1662531448209
07 Sep 2022 11:47:29,417  INFO [utility.Log:75] OTP Expire Time:1663395448042
07 Sep 2022 11:47:29,412  INFO [utility.Log:41] Server Time :1662531448386
07 Sep 2022 11:47:29,418  INFO [utility.Log:42] OTP Expire Time:1663395448201
07 Sep 2022 11:51:26,595  INFO [utility.Log:73] User ID :USUD_0_2
07 Sep 2022 11:51:26,607  INFO [utility.Log:74] Server Time :1662531685432
07 Sep 2022 11:51:26,608  INFO [utility.Log:75] OTP Expire Time:1663395685320
07 Sep 2022 11:51:26,606  INFO [utility.Log:40] User ID :USUD_0_2
07 Sep 2022 11:51:26,613  INFO [utility.Log:41] Server Time :1662531685648
07 Sep 2022 11:51:26,613  INFO [utility.Log:42] OTP Expire Time:1663395685484
07 Sep 2022 11:51:26,604  INFO [utility.Log:73] User ID :USUD_0_2
07 Sep 2022 11:51:26,614  INFO [utility.Log:74] Server Time :1662531685506
07 Sep 2022 11:51:26,615  INFO [utility.Log:75] OTP Expire Time:1663395685405
07 Sep 2022 11:51:26,599  INFO [utility.Log:40] User ID :USUD_0_3
07 Sep 2022 11:51:26,617  INFO [utility.Log:41] Server Time :1662531685650
07 Sep 2022 11:51:26,617  INFO [utility.Log:42] OTP Expire Time:1663395685486
07 Sep 2022 11:53:29,710  INFO [utility.Log:40] User ID :USUD_0_3
07 Sep 2022 11:53:29,715  INFO [utility.Log:41] Server Time :1662531808695
07 Sep 2022 11:53:29,716  INFO [utility.Log:42] OTP Expire Time:1663395808604
07 Sep 2022 11:53:29,712  INFO [utility.Log:40] User ID :USUD_0_2
07 Sep 2022 11:53:29,718  INFO [utility.Log:41] Server Time :1662531808610
07 Sep 2022 11:53:29,719  INFO [utility.Log:42] OTP Expire Time:1663395808538
07 Sep 2022 11:53:29,710  INFO [utility.Log:73] User ID :USUD_0_2
07 Sep 2022 11:53:29,721  INFO [utility.Log:74] Server Time :1662531808528
07 Sep 2022 11:53:29,722  INFO [utility.Log:75] OTP Expire Time:1663395808441
07 Sep 2022 11:53:29,718  INFO [utility.Log:73] User ID :USUD_0_2
07 Sep 2022 11:53:29,726  INFO [utility.Log:74] Server Time :1662531808476
07 Sep 2022 11:53:29,726  INFO [utility.Log:75] OTP Expire Time:1663395808362
07 Sep 2022 11:57:11,531  INFO [utility.Log:73] User ID :USUD_0_2
07 Sep 2022 11:57:11,537  INFO [utility.Log:73] User ID :USUD_0_2
07 Sep 2022 11:57:11,542  INFO [utility.Log:74] Server Time :1662532030442
07 Sep 2022 11:57:11,534  INFO [utility.Log:40] User ID :USUD_0_3
07 Sep 2022 11:57:11,543  INFO [utility.Log:41] Server Time :1662532030543
07 Sep 2022 11:57:11,543  INFO [utility.Log:42] OTP Expire Time:1663396030441
07 Sep 2022 11:57:11,531  INFO [utility.Log:40] User ID :USUD_0_2
07 Sep 2022 11:57:11,545  INFO [utility.Log:41] Server Time :1662532030531
07 Sep 2022 11:57:11,546  INFO [utility.Log:42] OTP Expire Time:1663396030451
07 Sep 2022 11:57:11,542  INFO [utility.Log:75] OTP Expire Time:1663396030304
07 Sep 2022 11:57:11,540  INFO [utility.Log:74] Server Time :1662532030369
07 Sep 2022 11:57:11,549  INFO [utility.Log:75] OTP Expire Time:1663396030204
07 Sep 2022 11:58:20,087  INFO [utility.Log:40] User ID :USUD_0_3
07 Sep 2022 11:58:20,109  INFO [utility.Log:41] Server Time :1662532099029
07 Sep 2022 11:58:20,110  INFO [utility.Log:42] OTP Expire Time:1663396098762
07 Sep 2022 11:58:20,105  INFO [utility.Log:40] User ID :USUD_0_2
07 Sep 2022 11:58:20,119  INFO [utility.Log:41] Server Time :1662532099018
07 Sep 2022 11:58:20,120  INFO [utility.Log:42] OTP Expire Time:1663396098842
07 Sep 2022 11:58:20,118  INFO [utility.Log:73] User ID :USUD_0_2
07 Sep 2022 11:58:20,122  INFO [utility.Log:74] Server Time :1662532099010
07 Sep 2022 11:58:20,122  INFO [utility.Log:75] OTP Expire Time:1663396098685
07 Sep 2022 11:58:20,118  INFO [utility.Log:73] User ID :USUD_0_2
07 Sep 2022 11:58:20,124  INFO [utility.Log:74] Server Time :1662532098942
07 Sep 2022 11:58:20,125  INFO [utility.Log:75] OTP Expire Time:1663396098683
07 Sep 2022 12:00:44,164  INFO [utility.Log:40] User ID :USUD_0_3
07 Sep 2022 12:00:44,170  INFO [utility.Log:73] User ID :USUD_0_2
07 Sep 2022 12:00:44,169  INFO [utility.Log:73] User ID :USUD_0_2
07 Sep 2022 12:00:44,174  INFO [utility.Log:74] Server Time :1662532243036
07 Sep 2022 12:00:44,174  INFO [utility.Log:75] OTP Expire Time:1663396242920
07 Sep 2022 12:00:44,166  INFO [utility.Log:40] User ID :USUD_0_2
07 Sep 2022 12:00:44,178  INFO [utility.Log:41] Server Time :1662532243084
07 Sep 2022 12:00:44,180  INFO [utility.Log:42] OTP Expire Time:1663396243004
07 Sep 2022 12:00:44,173  INFO [utility.Log:74] Server Time :1662532243031
07 Sep 2022 12:00:44,181  INFO [utility.Log:75] OTP Expire Time:1663396243003
07 Sep 2022 12:00:44,171  INFO [utility.Log:41] Server Time :1662532243089
07 Sep 2022 12:00:44,182  INFO [utility.Log:42] OTP Expire Time:1663396243010
07 Sep 2022 12:01:35,567  INFO [utility.Log:73] User ID :USUD_0_2
07 Sep 2022 12:01:35,577  INFO [utility.Log:40] User ID :USUD_0_2
07 Sep 2022 12:01:35,575  INFO [utility.Log:73] User ID :USUD_0_2
07 Sep 2022 12:01:35,580  INFO [utility.Log:74] Server Time :1662532294615
07 Sep 2022 12:01:35,582  INFO [utility.Log:75] OTP Expire Time:1663396294360
07 Sep 2022 12:01:35,571  INFO [utility.Log:40] User ID :USUD_0_3
07 Sep 2022 12:01:35,586  INFO [utility.Log:41] Server Time :1662532294687
07 Sep 2022 12:01:35,587  INFO [utility.Log:42] OTP Expire Time:1663396294446
07 Sep 2022 12:01:35,580  INFO [utility.Log:41] Server Time :1662532294690
07 Sep 2022 12:01:35,591  INFO [utility.Log:42] OTP Expire Time:1663396294441
07 Sep 2022 12:01:35,577  INFO [utility.Log:74] Server Time :1662532294362
07 Sep 2022 12:01:35,592  INFO [utility.Log:75] OTP Expire Time:1663396294280
07 Sep 2022 12:02:21,841  INFO [utility.Log:73] User ID :USUD_0_2
07 Sep 2022 12:02:21,854  INFO [utility.Log:74] Server Time :1662532340466
07 Sep 2022 12:02:21,855  INFO [utility.Log:75] OTP Expire Time:1663396340360
07 Sep 2022 12:02:21,859  INFO [utility.Log:73] User ID :USUD_0_2
07 Sep 2022 12:02:21,866  INFO [utility.Log:74] Server Time :1662532340611
07 Sep 2022 12:02:21,868  INFO [utility.Log:75] OTP Expire Time:1663396340361
07 Sep 2022 12:02:21,853  INFO [utility.Log:40] User ID :USUD_0_3
07 Sep 2022 12:02:21,871  INFO [utility.Log:41] Server Time :1662532340684
07 Sep 2022 12:02:21,871  INFO [utility.Log:42] OTP Expire Time:1663396340526
07 Sep 2022 12:02:21,853  INFO [utility.Log:40] User ID :USUD_0_2
07 Sep 2022 12:02:21,873  INFO [utility.Log:41] Server Time :1662532340618
07 Sep 2022 12:02:21,874  INFO [utility.Log:42] OTP Expire Time:1663396340446
07 Sep 2022 12:03:13,582  INFO [utility.Log:73] User ID :USUD_0_2
07 Sep 2022 12:03:13,589  INFO [utility.Log:74] Server Time :1662532392453
07 Sep 2022 12:03:13,586  INFO [utility.Log:40] User ID :USUD_0_3
07 Sep 2022 12:03:13,593  INFO [utility.Log:41] Server Time :1662532392531
07 Sep 2022 12:03:13,594  INFO [utility.Log:42] OTP Expire Time:1663396392384
07 Sep 2022 12:03:13,586  INFO [utility.Log:73] User ID :USUD_0_2
07 Sep 2022 12:03:13,605  INFO [utility.Log:74] Server Time :1662532392382
07 Sep 2022 12:03:13,606  INFO [utility.Log:75] OTP Expire Time:1663396392200
07 Sep 2022 12:03:13,584  INFO [utility.Log:40] User ID :USUD_0_2
07 Sep 2022 12:03:13,608  INFO [utility.Log:41] Server Time :1662532392447
07 Sep 2022 12:03:13,609  INFO [utility.Log:42] OTP Expire Time:1663396392299
07 Sep 2022 12:03:13,590  INFO [utility.Log:75] OTP Expire Time:1663396392202
07 Sep 2022 12:04:05,625  INFO [utility.Log:73] User ID :USUD_0_2
07 Sep 2022 12:04:05,633  INFO [utility.Log:74] Server Time :1662532444607
07 Sep 2022 12:04:05,631  INFO [utility.Log:40] User ID :USUD_0_2
07 Sep 2022 12:04:05,625  INFO [utility.Log:73] User ID :USUD_0_2
07 Sep 2022 12:04:05,640  INFO [utility.Log:41] Server Time :1662532444522
07 Sep 2022 12:04:05,643  INFO [utility.Log:42] OTP Expire Time:1663396444442
07 Sep 2022 12:04:05,634  INFO [utility.Log:75] OTP Expire Time:1663396444282
07 Sep 2022 12:04:05,634  INFO [utility.Log:40] User ID :USUD_0_3
07 Sep 2022 12:04:05,650  INFO [utility.Log:41] Server Time :1662532444536
07 Sep 2022 12:04:05,651  INFO [utility.Log:42] OTP Expire Time:1663396444368
07 Sep 2022 12:04:05,642  INFO [utility.Log:74] Server Time :1662532444466
07 Sep 2022 12:04:05,653  INFO [utility.Log:75] OTP Expire Time:1663396444367
07 Sep 2022 12:05:49,246  INFO [utility.Log:40] User ID :USUD_0_3
07 Sep 2022 12:05:49,250  INFO [utility.Log:73] User ID :USUD_0_2
07 Sep 2022 12:05:49,250  INFO [utility.Log:40] User ID :USUD_0_2
07 Sep 2022 12:05:49,250  INFO [utility.Log:73] User ID :USUD_0_2
07 Sep 2022 12:05:49,254  INFO [utility.Log:41] Server Time :1662532548296
07 Sep 2022 12:05:49,255  INFO [utility.Log:42] OTP Expire Time:1663396548123
07 Sep 2022 12:05:49,254  INFO [utility.Log:74] Server Time :1662532548058
07 Sep 2022 12:05:49,257  INFO [utility.Log:75] OTP Expire Time:1663396547893
07 Sep 2022 12:05:49,252  INFO [utility.Log:41] Server Time :1662532548131
07 Sep 2022 12:05:49,259  INFO [utility.Log:42] OTP Expire Time:1663396548042
07 Sep 2022 12:05:49,255  INFO [utility.Log:74] Server Time :1662532548287
07 Sep 2022 12:05:49,261  INFO [utility.Log:75] OTP Expire Time:1663396548047
07 Sep 2022 12:09:26,304  INFO [utility.Log:40] User ID :USUD_0_2
07 Sep 2022 12:09:26,308  INFO [utility.Log:73] User ID :USUD_0_2
07 Sep 2022 12:09:26,306  INFO [utility.Log:73] User ID :USUD_0_2
07 Sep 2022 12:09:26,313  INFO [utility.Log:74] Server Time :1662532765095
07 Sep 2022 12:09:26,304  INFO [utility.Log:40] User ID :USUD_0_3
07 Sep 2022 12:09:26,313  INFO [utility.Log:75] OTP Expire Time:1663396765001
07 Sep 2022 12:09:26,312  INFO [utility.Log:74] Server Time :1662532765195
07 Sep 2022 12:09:26,315  INFO [utility.Log:75] OTP Expire Time:1663396765164
07 Sep 2022 12:09:26,311  INFO [utility.Log:41] Server Time :1662532765260
07 Sep 2022 12:09:26,319  INFO [utility.Log:42] OTP Expire Time:1663396765242
07 Sep 2022 12:09:26,314  INFO [utility.Log:41] Server Time :1662532765322
07 Sep 2022 12:09:26,320  INFO [utility.Log:42] OTP Expire Time:1663396765243
07 Sep 2022 12:10:00,934  INFO [utility.Log:73] User ID :USUD_0_2
07 Sep 2022 12:10:00,941  INFO [utility.Log:40] User ID :USUD_0_2
07 Sep 2022 12:10:00,935  INFO [utility.Log:73] User ID :USUD_0_2
07 Sep 2022 12:10:00,944  INFO [utility.Log:74] Server Time :1662532799652
07 Sep 2022 12:10:00,945  INFO [utility.Log:75] OTP Expire Time:1663396799486
07 Sep 2022 12:10:00,943  INFO [utility.Log:41] Server Time :1662532799723
07 Sep 2022 12:10:00,949  INFO [utility.Log:42] OTP Expire Time:1663396799561
07 Sep 2022 12:10:00,941  INFO [utility.Log:74] Server Time :1662532799655
07 Sep 2022 12:10:00,951  INFO [utility.Log:75] OTP Expire Time:1663396799564
07 Sep 2022 12:10:00,957  INFO [utility.Log:40] User ID :USUD_0_3
07 Sep 2022 12:10:00,958  INFO [utility.Log:41] Server Time :1662532799569
07 Sep 2022 12:10:00,958  INFO [utility.Log:42] OTP Expire Time:1663396799483
08 Sep 2022 08:11:24,470  INFO [utility.Log:73] User ID :USUD_0_2
08 Sep 2022 08:11:24,482  INFO [utility.Log:74] Server Time :1662604883014
08 Sep 2022 08:11:24,483  INFO [utility.Log:75] OTP Expire Time:1663468883000
08 Sep 2022 08:11:24,480  INFO [utility.Log:73] User ID :USUD_0_2
08 Sep 2022 08:11:24,482  INFO [utility.Log:40] User ID :USUD_0_2
08 Sep 2022 08:11:24,488  INFO [utility.Log:41] Server Time :1662604883079
08 Sep 2022 08:11:24,487  INFO [utility.Log:74] Server Time :1662604883239
08 Sep 2022 08:11:24,489  INFO [utility.Log:42] OTP Expire Time:1663468882998
08 Sep 2022 08:11:24,490  INFO [utility.Log:75] OTP Expire Time:1663468883157
08 Sep 2022 08:11:24,498  INFO [utility.Log:40] User ID :USUD_0_3
08 Sep 2022 08:11:24,499  INFO [utility.Log:41] Server Time :1662604883246
08 Sep 2022 08:11:24,501  INFO [utility.Log:42] OTP Expire Time:1663468883157
08 Sep 2022 08:12:40,677  INFO [utility.Log:40] User ID :USUD_0_3
08 Sep 2022 08:12:40,686  INFO [utility.Log:41] Server Time :1662604959413
08 Sep 2022 08:12:40,681  INFO [utility.Log:73] User ID :USUD_0_2
08 Sep 2022 08:12:40,681  INFO [utility.Log:40] User ID :USUD_0_2
08 Sep 2022 08:12:40,677  INFO [utility.Log:73] User ID :USUD_0_2
08 Sep 2022 08:12:40,691  INFO [utility.Log:74] Server Time :1662604959260
08 Sep 2022 08:12:40,693  INFO [utility.Log:75] OTP Expire Time:1663468959161
08 Sep 2022 08:12:40,690  INFO [utility.Log:41] Server Time :1662604959405
08 Sep 2022 08:12:40,698  INFO [utility.Log:42] OTP Expire Time:1663468959320
08 Sep 2022 08:12:40,689  INFO [utility.Log:74] Server Time :1662604959261
08 Sep 2022 08:12:40,700  INFO [utility.Log:75] OTP Expire Time:1663468959236
08 Sep 2022 08:12:40,687  INFO [utility.Log:42] OTP Expire Time:1663468959319
08 Sep 2022 08:17:11,874  INFO [utility.Log:40] User ID :USUD_0_3
08 Sep 2022 08:17:11,879  INFO [utility.Log:73] User ID :USUD_0_2
08 Sep 2022 08:17:11,882  INFO [utility.Log:74] Server Time :1662605230769
08 Sep 2022 08:17:11,877  INFO [utility.Log:73] User ID :USUD_0_2
08 Sep 2022 08:17:11,875  INFO [utility.Log:40] User ID :USUD_0_2
08 Sep 2022 08:17:11,884  INFO [utility.Log:74] Server Time :1662605230610
08 Sep 2022 08:17:11,884  INFO [utility.Log:75] OTP Expire Time:1663469230523
08 Sep 2022 08:17:11,883  INFO [utility.Log:75] OTP Expire Time:1663469230597
08 Sep 2022 08:17:11,881  INFO [utility.Log:41] Server Time :1662605230771
08 Sep 2022 08:17:11,886  INFO [utility.Log:42] OTP Expire Time:1663469230598
08 Sep 2022 08:17:11,884  INFO [utility.Log:41] Server Time :1662605230839
08 Sep 2022 08:17:11,891  INFO [utility.Log:42] OTP Expire Time:1663469230680
08 Sep 2022 09:15:15,868  INFO [utility.Log:75] User ID :USUD_0_2
08 Sep 2022 09:15:15,876  INFO [utility.Log:76] Server Time :1662608710438
08 Sep 2022 09:15:15,877  INFO [utility.Log:77] OTP Expire Time:1663472710370
08 Sep 2022 09:15:16,324  INFO [utility.Log:42] User ID :USUD_0_2
08 Sep 2022 09:15:16,325  INFO [utility.Log:43] Server Time :1662608716201
08 Sep 2022 09:15:16,325  INFO [utility.Log:44] OTP Expire Time:1663472716137
08 Sep 2022 09:15:16,842  INFO [utility.Log:42] User ID :USUD_0_3
08 Sep 2022 09:15:16,843  INFO [utility.Log:43] Server Time :1662608716684
08 Sep 2022 09:15:16,844  INFO [utility.Log:44] OTP Expire Time:1663472716596
08 Sep 2022 09:15:17,166  INFO [utility.Log:75] User ID :USUD_0_2
08 Sep 2022 09:15:17,168  INFO [utility.Log:76] Server Time :1662608717077
08 Sep 2022 09:15:17,170  INFO [utility.Log:77] OTP Expire Time:1663472717009
08 Sep 2022 09:31:52,082  INFO [utility.Log:76] User ID :USUD_0_2
08 Sep 2022 09:31:52,089  INFO [utility.Log:77] Server Time :1662609710998
08 Sep 2022 09:31:52,090  INFO [utility.Log:78] OTP Expire Time:1663473710920
08 Sep 2022 09:31:52,590  INFO [utility.Log:76] User ID :USUD_0_2
08 Sep 2022 09:31:52,592  INFO [utility.Log:77] Server Time :1662609712532
08 Sep 2022 09:31:52,593  INFO [utility.Log:78] OTP Expire Time:1663473712451
08 Sep 2022 09:34:30,016  INFO [utility.Log:77] User ID :USUD_0_2
08 Sep 2022 09:34:30,023  INFO [utility.Log:78] Server Time :1662609869082
08 Sep 2022 09:34:30,024  INFO [utility.Log:79] OTP Expire Time:1663473869074
08 Sep 2022 09:34:30,636  INFO [utility.Log:77] User ID :USUD_0_2
08 Sep 2022 09:34:30,636  INFO [utility.Log:78] Server Time :1662609870595
08 Sep 2022 09:34:30,637  INFO [utility.Log:79] OTP Expire Time:1663473870436
08 Sep 2022 09:35:29,818  INFO [utility.Log:77] User ID :USUD_0_2
08 Sep 2022 09:35:29,826  INFO [utility.Log:78] Server Time :1662609928676
08 Sep 2022 09:35:29,826  INFO [utility.Log:79] OTP Expire Time:1663473928607
08 Sep 2022 09:35:30,310  INFO [utility.Log:44] User ID :USUD_0_2
08 Sep 2022 09:35:30,311  INFO [utility.Log:45] Server Time :1662609930201
08 Sep 2022 09:35:30,311  INFO [utility.Log:46] OTP Expire Time:1663473930195
08 Sep 2022 09:35:30,861  INFO [utility.Log:44] User ID :USUD_0_3
08 Sep 2022 09:35:30,863  INFO [utility.Log:45] Server Time :1662609930762
08 Sep 2022 09:35:30,863  INFO [utility.Log:46] OTP Expire Time:1663473930611
08 Sep 2022 09:35:31,326  INFO [utility.Log:77] User ID :USUD_0_2
08 Sep 2022 09:35:31,327  INFO [utility.Log:78] Server Time :1662609931238
08 Sep 2022 09:35:31,328  INFO [utility.Log:79] OTP Expire Time:1663473931171
08 Sep 2022 09:58:53,334  INFO [utility.Log:77] User ID :USUD_0_2
08 Sep 2022 09:58:53,344  INFO [utility.Log:78] Server Time :1662611332041
08 Sep 2022 09:58:53,344  INFO [utility.Log:79] OTP Expire Time:1663475332034
08 Sep 2022 09:58:53,711  INFO [utility.Log:44] User ID :USUD_0_2
08 Sep 2022 09:58:53,713  INFO [utility.Log:45] Server Time :1662611333645
08 Sep 2022 09:58:53,713  INFO [utility.Log:46] OTP Expire Time:1663475333634
08 Sep 2022 09:58:54,155  INFO [utility.Log:44] User ID :USUD_0_3
08 Sep 2022 09:58:54,156  INFO [utility.Log:45] Server Time :1662611334121
08 Sep 2022 09:58:54,156  INFO [utility.Log:46] OTP Expire Time:1663475334114
08 Sep 2022 09:58:54,497  INFO [utility.Log:77] User ID :USUD_0_2
08 Sep 2022 09:58:54,498  INFO [utility.Log:78] Server Time :1662611334442
08 Sep 2022 09:58:54,499  INFO [utility.Log:79] OTP Expire Time:1663475334370
08 Sep 2022 09:59:27,571  INFO [utility.Log:77] User ID :USUD_0_2
08 Sep 2022 09:59:27,577  INFO [utility.Log:78] Server Time :1662611366443
08 Sep 2022 09:59:27,577  INFO [utility.Log:79] OTP Expire Time:1663475366435
08 Sep 2022 09:59:27,911  INFO [utility.Log:44] User ID :USUD_0_2
08 Sep 2022 09:59:27,912  INFO [utility.Log:45] Server Time :1662611367882
08 Sep 2022 09:59:27,912  INFO [utility.Log:46] OTP Expire Time:1663475367874
08 Sep 2022 09:59:28,384  INFO [utility.Log:44] User ID :USUD_0_3
08 Sep 2022 09:59:28,385  INFO [utility.Log:45] Server Time :1662611368361
08 Sep 2022 09:59:28,386  INFO [utility.Log:46] OTP Expire Time:1663475368209
08 Sep 2022 09:59:28,708  INFO [utility.Log:77] User ID :USUD_0_2
08 Sep 2022 09:59:28,709  INFO [utility.Log:78] Server Time :1662611368679
08 Sep 2022 09:59:28,709  INFO [utility.Log:79] OTP Expire Time:1663475368606
08 Sep 2022 10:00:48,780  INFO [utility.Log:77] User ID :USUD_0_2
08 Sep 2022 10:00:48,787  INFO [utility.Log:78] Server Time :1662611447721
08 Sep 2022 10:00:48,788  INFO [utility.Log:79] OTP Expire Time:1663475447715
08 Sep 2022 10:00:49,289  INFO [utility.Log:44] User ID :USUD_0_2
08 Sep 2022 10:00:49,290  INFO [utility.Log:45] Server Time :1662611449241
08 Sep 2022 10:00:49,291  INFO [utility.Log:46] OTP Expire Time:1663475449154
08 Sep 2022 10:00:49,595  INFO [utility.Log:44] User ID :USUD_0_3
08 Sep 2022 10:00:49,596  INFO [utility.Log:45] Server Time :1662611449569
08 Sep 2022 10:00:49,597  INFO [utility.Log:46] OTP Expire Time:1663475449556
08 Sep 2022 10:00:49,912  INFO [utility.Log:77] User ID :USUD_0_2
08 Sep 2022 10:00:49,913  INFO [utility.Log:78] Server Time :1662611449876
08 Sep 2022 10:00:49,913  INFO [utility.Log:79] OTP Expire Time:1663475449808
08 Sep 2022 10:05:17,824  INFO [utility.Log:77] User ID :USUD_0_2
08 Sep 2022 10:05:17,832  INFO [utility.Log:78] Server Time :1662611716610
08 Sep 2022 10:05:17,833  INFO [utility.Log:79] OTP Expire Time:1663475716602
08 Sep 2022 10:05:18,310  INFO [utility.Log:44] User ID :USUD_0_2
08 Sep 2022 10:05:18,311  INFO [utility.Log:45] Server Time :1662611718281
08 Sep 2022 10:05:18,312  INFO [utility.Log:46] OTP Expire Time:1663475718194
08 Sep 2022 10:05:18,794  INFO [utility.Log:44] User ID :USUD_0_3
08 Sep 2022 10:05:18,795  INFO [utility.Log:45] Server Time :1662611718761
08 Sep 2022 10:05:18,795  INFO [utility.Log:46] OTP Expire Time:1663475718755
08 Sep 2022 10:05:19,114  INFO [utility.Log:77] User ID :USUD_0_2
08 Sep 2022 10:05:19,115  INFO [utility.Log:78] Server Time :1662611719089
08 Sep 2022 10:05:19,115  INFO [utility.Log:79] OTP Expire Time:1663475719074
08 Sep 2022 10:08:16,360  INFO [utility.Log:77] User ID :USUD_0_2
08 Sep 2022 10:08:16,386  INFO [utility.Log:78] Server Time :1662611892278
08 Sep 2022 10:08:16,388  INFO [utility.Log:79] OTP Expire Time:1663475892205
08 Sep 2022 10:08:18,394  INFO [utility.Log:44] User ID :USUD_0_2
08 Sep 2022 10:08:18,396  INFO [utility.Log:45] Server Time :1662611898202
08 Sep 2022 10:08:18,397  INFO [utility.Log:46] OTP Expire Time:1663475898114
08 Sep 2022 10:08:19,096  INFO [utility.Log:44] User ID :USUD_0_3
08 Sep 2022 10:08:19,099  INFO [utility.Log:45] Server Time :1662611899004
08 Sep 2022 10:08:19,101  INFO [utility.Log:46] OTP Expire Time:1663475898995
08 Sep 2022 10:08:19,738  INFO [utility.Log:77] User ID :USUD_0_2
08 Sep 2022 10:08:19,739  INFO [utility.Log:78] Server Time :1662611899638
08 Sep 2022 10:08:19,744  INFO [utility.Log:79] OTP Expire Time:1663475899571
08 Sep 2022 10:22:35,966  INFO [utility.Log:77] User ID :USUD_0_2
08 Sep 2022 10:22:35,973  INFO [utility.Log:78] Server Time :1662612754605
08 Sep 2022 10:22:35,974  INFO [utility.Log:79] OTP Expire Time:1663476754441
08 Sep 2022 10:22:37,124  INFO [utility.Log:44] User ID :USUD_0_2
08 Sep 2022 10:22:37,125  INFO [utility.Log:45] Server Time :1662612757084
08 Sep 2022 10:22:37,126  INFO [utility.Log:46] OTP Expire Time:1663476757074
08 Sep 2022 10:22:37,681  INFO [utility.Log:44] User ID :USUD_0_3
08 Sep 2022 10:22:37,682  INFO [utility.Log:45] Server Time :1662612757643
08 Sep 2022 10:22:37,683  INFO [utility.Log:46] OTP Expire Time:1663476757636
08 Sep 2022 10:22:38,162  INFO [utility.Log:77] User ID :USUD_0_2
08 Sep 2022 10:22:38,163  INFO [utility.Log:78] Server Time :1662612758118
08 Sep 2022 10:22:38,164  INFO [utility.Log:79] OTP Expire Time:1663476758050
08 Sep 2022 10:24:24,473  INFO [utility.Log:77] User ID :USUD_0_2
08 Sep 2022 10:24:24,480  INFO [utility.Log:78] Server Time :1662612863081
08 Sep 2022 10:24:24,480  INFO [utility.Log:79] OTP Expire Time:1663476863073
08 Sep 2022 10:24:25,353  INFO [utility.Log:44] User ID :USUD_0_2
08 Sep 2022 10:24:25,353  INFO [utility.Log:45] Server Time :1662612865324
08 Sep 2022 10:24:25,354  INFO [utility.Log:46] OTP Expire Time:1663476865313
08 Sep 2022 10:24:25,755  INFO [utility.Log:44] User ID :USUD_0_3
08 Sep 2022 10:24:25,756  INFO [utility.Log:45] Server Time :1662612865722
08 Sep 2022 10:24:25,756  INFO [utility.Log:46] OTP Expire Time:1663476865714
08 Sep 2022 10:24:26,263  INFO [utility.Log:77] User ID :USUD_0_2
08 Sep 2022 10:24:26,264  INFO [utility.Log:78] Server Time :1662612866203
08 Sep 2022 10:24:26,265  INFO [utility.Log:79] OTP Expire Time:1663476866126
08 Sep 2022 10:42:37,460  INFO [utility.Log:77] User ID :USUD_0_2
08 Sep 2022 10:42:37,466  INFO [utility.Log:78] Server Time :1662613956361
08 Sep 2022 10:42:37,466  INFO [utility.Log:79] OTP Expire Time:1663477956354
08 Sep 2022 10:42:38,483  INFO [utility.Log:44] User ID :USUD_0_2
08 Sep 2022 10:42:38,484  INFO [utility.Log:45] Server Time :1662613958438
08 Sep 2022 10:42:38,484  INFO [utility.Log:46] OTP Expire Time:1663477958295
08 Sep 2022 10:42:39,030  INFO [utility.Log:44] User ID :USUD_0_3
08 Sep 2022 10:42:39,031  INFO [utility.Log:45] Server Time :1662613959006
08 Sep 2022 10:42:39,032  INFO [utility.Log:46] OTP Expire Time:1663477958994
08 Sep 2022 10:42:39,519  INFO [utility.Log:77] User ID :USUD_0_2
08 Sep 2022 10:42:39,521  INFO [utility.Log:78] Server Time :1662613959477
08 Sep 2022 10:42:39,521  INFO [utility.Log:79] OTP Expire Time:1663477959409
08 Sep 2022 11:10:25,848  INFO [utility.Log:78] User ID :USUD_0_2
08 Sep 2022 11:10:25,856  INFO [utility.Log:79] Server Time :1662615624680
08 Sep 2022 11:10:25,857  INFO [utility.Log:80] OTP Expire Time:1663479624672
08 Sep 2022 11:10:27,317  INFO [utility.Log:45] User ID :USUD_0_2
08 Sep 2022 11:10:27,320  INFO [utility.Log:46] Server Time :1662615627250
08 Sep 2022 11:10:27,321  INFO [utility.Log:47] OTP Expire Time:1663479627158
08 Sep 2022 11:10:27,850  INFO [utility.Log:45] User ID :USUD_0_3
08 Sep 2022 11:10:27,852  INFO [utility.Log:46] Server Time :1662615627799
08 Sep 2022 11:10:27,852  INFO [utility.Log:47] OTP Expire Time:1663479627733
08 Sep 2022 11:10:28,399  INFO [utility.Log:78] User ID :USUD_0_2
08 Sep 2022 11:10:28,400  INFO [utility.Log:79] Server Time :1662615628363
08 Sep 2022 11:10:28,401  INFO [utility.Log:80] OTP Expire Time:1663479628357
08 Sep 2022 11:16:17,192  INFO [utility.Log:93] User ID :USUD_0_2
08 Sep 2022 11:16:17,229  INFO [utility.Log:101] Server Time :1662615976041
08 Sep 2022 11:16:17,250  INFO [utility.Log:109] OTP Expire Time:1663479976032
08 Sep 2022 11:16:18,199  INFO [utility.Log:47] User ID :USUD_0_2
08 Sep 2022 11:16:18,220  INFO [utility.Log:55] Server Time :1662615978210
08 Sep 2022 11:16:18,241  INFO [utility.Log:63] OTP Expire Time:1663479978113
08 Sep 2022 11:16:18,740  INFO [utility.Log:47] User ID :USUD_0_3
08 Sep 2022 11:16:18,761  INFO [utility.Log:55] Server Time :1662615978761
08 Sep 2022 11:16:18,781  INFO [utility.Log:63] OTP Expire Time:1663479978688
08 Sep 2022 11:16:19,140  INFO [utility.Log:93] User ID :USUD_0_2
08 Sep 2022 11:16:19,157  INFO [utility.Log:101] Server Time :1662615979158
08 Sep 2022 11:16:19,177  INFO [utility.Log:109] OTP Expire Time:1663479979152
08 Sep 2022 11:19:53,802  INFO [utility.Log:89] User ID :USUD_0_2
08 Sep 2022 11:19:53,835  INFO [utility.Log:97] Server Time :1662616192359
08 Sep 2022 11:19:53,853  INFO [utility.Log:105] OTP Expire Time:1663480192352
08 Sep 2022 11:19:59,788  INFO [utility.Log:43] User ID :USUD_0_2
08 Sep 2022 11:19:59,804  INFO [utility.Log:51] Server Time :1662616199797
08 Sep 2022 11:19:59,815  INFO [utility.Log:59] OTP Expire Time:1663480199713
08 Sep 2022 11:20:02,912  INFO [utility.Log:43] User ID :USUD_0_3
08 Sep 2022 11:20:02,926  INFO [utility.Log:51] Server Time :1662616202918
08 Sep 2022 11:20:02,942  INFO [utility.Log:59] OTP Expire Time:1663480202832
08 Sep 2022 11:20:05,774  INFO [utility.Log:89] User ID :USUD_0_2
08 Sep 2022 11:20:05,790  INFO [utility.Log:97] Server Time :1662616205802
08 Sep 2022 11:20:05,805  INFO [utility.Log:105] OTP Expire Time:1663480205792
08 Sep 2022 11:31:30,698  INFO [utility.Log:89] User ID :USUD_0_2
08 Sep 2022 11:31:30,738  INFO [utility.Log:97] Server Time :1662616889641
08 Sep 2022 11:31:30,766  INFO [utility.Log:105] OTP Expire Time:1663480889632
08 Sep 2022 11:31:31,827  INFO [utility.Log:43] User ID :USUD_0_2
08 Sep 2022 11:31:31,844  INFO [utility.Log:51] Server Time :1662616891722
08 Sep 2022 11:31:31,863  INFO [utility.Log:59] OTP Expire Time:1663480891713
08 Sep 2022 11:31:32,434  INFO [utility.Log:43] User ID :USUD_0_3
08 Sep 2022 11:31:32,445  INFO [utility.Log:51] Server Time :1662616892440
08 Sep 2022 11:31:32,459  INFO [utility.Log:59] OTP Expire Time:1663480892352
08 Sep 2022 11:31:32,832  INFO [utility.Log:89] User ID :USUD_0_2
08 Sep 2022 11:31:32,843  INFO [utility.Log:97] Server Time :1662616892854
08 Sep 2022 11:31:32,855  INFO [utility.Log:105] OTP Expire Time:1663480892844
08 Sep 2022 12:00:51,242  INFO [utility.Log:89] User ID :USUD_0_2
08 Sep 2022 12:00:51,315  INFO [utility.Log:97] Server Time :1662618648678
08 Sep 2022 12:00:51,368  INFO [utility.Log:105] OTP Expire Time:1663482648671
08 Sep 2022 12:00:53,073  INFO [utility.Log:43] User ID :USUD_0_2
08 Sep 2022 12:00:53,172  INFO [utility.Log:51] Server Time :1662618653080
08 Sep 2022 12:00:53,228  INFO [utility.Log:59] OTP Expire Time:1663482652930
08 Sep 2022 12:00:53,863  INFO [utility.Log:43] User ID :USUD_0_3
08 Sep 2022 12:00:53,927  INFO [utility.Log:51] Server Time :1662618653881
08 Sep 2022 12:00:53,964  INFO [utility.Log:59] OTP Expire Time:1663482653872
08 Sep 2022 12:00:54,511  INFO [utility.Log:89] User ID :USUD_0_2
08 Sep 2022 12:00:54,557  INFO [utility.Log:97] Server Time :1662618654528
08 Sep 2022 12:00:54,590  INFO [utility.Log:105] OTP Expire Time:1663482654523
08 Sep 2022 12:01:26,826  INFO [utility.Log:89] User ID :USUD_0_2
08 Sep 2022 12:01:26,870  INFO [utility.Log:97] Server Time :1662618685641
08 Sep 2022 12:01:26,898  INFO [utility.Log:105] OTP Expire Time:1663482685631
08 Sep 2022 12:01:27,905  INFO [utility.Log:43] User ID :USUD_0_2
08 Sep 2022 12:01:27,983  INFO [utility.Log:51] Server Time :1662618687887
08 Sep 2022 12:01:28,023  INFO [utility.Log:59] OTP Expire Time:1663482687875
08 Sep 2022 12:01:28,563  INFO [utility.Log:43] User ID :USUD_0_3
08 Sep 2022 12:01:28,579  INFO [utility.Log:51] Server Time :1662618688599
08 Sep 2022 12:01:28,601  INFO [utility.Log:59] OTP Expire Time:1663482688527
08 Sep 2022 12:01:29,037  INFO [utility.Log:89] User ID :USUD_0_2
08 Sep 2022 12:01:29,072  INFO [utility.Log:97] Server Time :1662618689076
08 Sep 2022 12:01:29,095  INFO [utility.Log:105] OTP Expire Time:1663482689009
08 Sep 2022 12:20:16,061  INFO [utility.Log:89] User ID :USUD_0_2
08 Sep 2022 12:20:16,097  INFO [utility.Log:97] Server Time :1662619814939
08 Sep 2022 12:20:16,117  INFO [utility.Log:105] OTP Expire Time:1663483814933
08 Sep 2022 12:20:17,217  INFO [utility.Log:43] User ID :USUD_0_2
08 Sep 2022 12:20:17,239  INFO [utility.Log:51] Server Time :1662619817249
08 Sep 2022 12:20:17,261  INFO [utility.Log:59] OTP Expire Time:1663483817243
08 Sep 2022 12:20:17,773  INFO [utility.Log:43] User ID :USUD_0_3
08 Sep 2022 12:20:17,793  INFO [utility.Log:51] Server Time :1662619817816
08 Sep 2022 12:20:17,811  INFO [utility.Log:59] OTP Expire Time:1663483817722
08 Sep 2022 12:20:18,389  INFO [utility.Log:89] User ID :USUD_0_2
08 Sep 2022 12:20:18,413  INFO [utility.Log:97] Server Time :1662619818378
08 Sep 2022 12:20:18,437  INFO [utility.Log:105] OTP Expire Time:1663483818366
09 Sep 2022 09:26:10,510  INFO [utility.Log:89] User ID :USUD_0_2
09 Sep 2022 09:26:10,556  INFO [utility.Log:97] Server Time :1662695767807
09 Sep 2022 09:26:10,582  INFO [utility.Log:105] OTP Expire Time:1663559767725
09 Sep 2022 09:26:12,090  INFO [utility.Log:43] User ID :USUD_0_3
09 Sep 2022 09:26:12,119  INFO [utility.Log:51] Server Time :1662695771021
09 Sep 2022 09:26:12,139  INFO [utility.Log:59] OTP Expire Time:1663559771005
09 Sep 2022 09:26:13,285  INFO [utility.Log:43] User ID :USUD_0_4
09 Sep 2022 09:26:13,313  INFO [utility.Log:51] Server Time :1662695772220
09 Sep 2022 09:26:13,338  INFO [utility.Log:59] OTP Expire Time:1663559771886
09 Sep 2022 09:26:13,914  INFO [utility.Log:89] User ID :USUD_0_2
09 Sep 2022 09:26:13,935  INFO [utility.Log:97] Server Time :1662695772849
09 Sep 2022 09:26:13,954  INFO [utility.Log:105] OTP Expire Time:1663559772766
09 Sep 2022 09:26:14,416  INFO [utility.Log:42] userAccountStatus :null
09 Sep 2022 09:26:14,440  INFO [utility.Log:50] loginType :null
09 Sep 2022 09:26:14,465  INFO [utility.Log:58] accessToken:null
09 Sep 2022 09:26:14,493  INFO [utility.Log:67] gameUserId:null
09 Sep 2022 09:26:14,516  INFO [utility.Log:76] gameHost:null
09 Sep 2022 09:26:14,538  INFO [utility.Log:85] gameToken:null
09 Sep 2022 09:29:08,812  INFO [utility.Log:89] User ID :USUD_0_2
09 Sep 2022 09:29:08,864  INFO [utility.Log:97] Server Time :1662695946221
09 Sep 2022 09:29:08,895  INFO [utility.Log:105] OTP Expire Time:1663559946205
09 Sep 2022 09:29:10,091  INFO [utility.Log:43] User ID :null
09 Sep 2022 09:29:10,116  INFO [utility.Log:51] Server Time :null
09 Sep 2022 09:29:10,136  INFO [utility.Log:59] OTP Expire Time:null
09 Sep 2022 09:29:10,526  INFO [utility.Log:43] User ID :null
09 Sep 2022 09:29:10,549  INFO [utility.Log:51] Server Time :null
09 Sep 2022 09:29:10,574  INFO [utility.Log:59] OTP Expire Time:null
09 Sep 2022 09:29:11,502  INFO [utility.Log:89] User ID :USUD_0_2
09 Sep 2022 09:29:11,522  INFO [utility.Log:97] Server Time :1662695950447
09 Sep 2022 09:29:11,540  INFO [utility.Log:105] OTP Expire Time:1663559950365
09 Sep 2022 09:29:11,925  INFO [utility.Log:42] userAccountStatus :null
09 Sep 2022 09:29:11,943  INFO [utility.Log:50] loginType :null
09 Sep 2022 09:29:11,965  INFO [utility.Log:58] accessToken:null
09 Sep 2022 09:29:11,990  INFO [utility.Log:67] gameUserId:null
09 Sep 2022 09:29:12,008  INFO [utility.Log:76] gameHost:null
09 Sep 2022 09:29:12,028  INFO [utility.Log:85] gameToken:null
09 Sep 2022 09:30:04,307  INFO [utility.Log:89] User ID :USUD_0_2
09 Sep 2022 09:30:04,350  INFO [utility.Log:97] Server Time :1662696001582
09 Sep 2022 09:30:04,376  INFO [utility.Log:105] OTP Expire Time:1663560001503
09 Sep 2022 09:30:05,381  INFO [utility.Log:43] User ID :USUD_0_3
09 Sep 2022 09:30:05,411  INFO [utility.Log:51] Server Time :1662696004302
09 Sep 2022 09:30:05,441  INFO [utility.Log:59] OTP Expire Time:1663560004213
09 Sep 2022 09:30:06,214  INFO [utility.Log:43] User ID :USUD_0_4
09 Sep 2022 09:30:06,242  INFO [utility.Log:51] Server Time :1662696005099
09 Sep 2022 09:30:06,270  INFO [utility.Log:59] OTP Expire Time:1663560005015
09 Sep 2022 09:30:06,800  INFO [utility.Log:89] User ID :USUD_0_2
09 Sep 2022 09:30:06,822  INFO [utility.Log:97] Server Time :1662696005742
09 Sep 2022 09:30:06,842  INFO [utility.Log:105] OTP Expire Time:1663560005725
09 Sep 2022 09:30:07,893  INFO [utility.Log:42] userAccountStatus :NewUser
09 Sep 2022 09:30:07,916  INFO [utility.Log:50] loginType :ExistingUserWithSameDevice
09 Sep 2022 09:30:07,935  INFO [utility.Log:58] accessToken:Bearer eyJ0eXAiOiJKV1QiLCJhbGciOiJIUzI1NiJ9.eyJpYXQiOjE2NjI2OTYwMDYsInN1YiI6InJ1bW15c2Vhc29uIiwidXNlcklkIjoiVVNVRF8wXzEiLCJkZXZpY2VUeXBlIjoiQU5EUk9JRCIsImRldmljZUlkIjoiMjIyMjIyMjIiLCJpcEFkZHJlc3MiOiIxNzIuMjAuMzYuMTI1Iiwicm9sZXMiOlsiUk9MRV9QTEFZRVIiXSwiaXNzIjoicnVtbXlzZWFzb24iLCJleHAiOjE2NjI4Njg4MDY3NzEsInJlZnJlc2giOjE2NjMxMjgwMDY2MTF9._ijpZGaESLdd_841XCup5z3UOTvLE6n7CUxtcHhUHkI
09 Sep 2022 09:30:07,960  INFO [utility.Log:67] gameUserId:USUD_0_1@localhost
09 Sep 2022 09:30:07,984  INFO [utility.Log:76] gameHost:USUD_0_1@localhost
09 Sep 2022 09:30:08,008  INFO [utility.Log:85] gameToken:eyJ0eXAiOiJKV1QiLCJhbGciOiJIUzI1NiJ9.eyJqaWQiOiJVU1VEXzBfMUBsb2NhbGhvc3QiLCJleHAiOiJNb24gT2N0IDI0IDA5OjMwOjA2IElTVCAyMDIyIn0.mzDCeroR16j4VddT_d5ljlxtQ_7gAkwrlAsVXhMtxEw
09 Sep 2022 10:58:16,642  INFO [utility.Log:89] User ID :USUD_0_2
09 Sep 2022 10:58:16,685  INFO [utility.Log:97] Server Time :1662701294062
09 Sep 2022 10:58:16,710  INFO [utility.Log:105] OTP Expire Time:1663565294045
09 Sep 2022 10:58:17,897  INFO [utility.Log:43] User ID :USUD_0_3
09 Sep 2022 10:58:17,921  INFO [utility.Log:51] Server Time :1662701296863
09 Sep 2022 10:58:17,945  INFO [utility.Log:59] OTP Expire Time:1663565296846
09 Sep 2022 10:58:18,455  INFO [utility.Log:43] User ID :USUD_0_4
09 Sep 2022 10:58:18,482  INFO [utility.Log:51] Server Time :1662701297423
09 Sep 2022 10:58:18,516  INFO [utility.Log:59] OTP Expire Time:1663565297404
09 Sep 2022 10:58:19,008  INFO [utility.Log:89] User ID :USUD_0_2
09 Sep 2022 10:58:19,031  INFO [utility.Log:97] Server Time :1662701297982
09 Sep 2022 10:58:19,054  INFO [utility.Log:105] OTP Expire Time:1663565297964
09 Sep 2022 10:58:20,134  INFO [utility.Log:42] userAccountStatus :NewUser
09 Sep 2022 10:58:20,155  INFO [utility.Log:50] loginType :ExistingUserWithSameDevice
09 Sep 2022 10:58:20,173  INFO [utility.Log:58] accessToken:Bearer eyJ0eXAiOiJKV1QiLCJhbGciOiJIUzI1NiJ9.eyJpYXQiOjE2NjI3MDEyOTksInN1YiI6InJ1bW15c2Vhc29uIiwidXNlcklkIjoiVVNVRF8wXzEiLCJkZXZpY2VUeXBlIjoiQU5EUk9JRCIsImRldmljZUlkIjoiMjIyMjIyMjIiLCJpcEFkZHJlc3MiOiIxNzIuMjAuNzcuMjE4Iiwicm9sZXMiOlsiUk9MRV9QTEFZRVIiXSwiaXNzIjoicnVtbXlzZWFzb24iLCJleHAiOjE2NjI4NzQwOTkwOTMsInJlZnJlc2giOjE2NjMxMzMyOTkwMDZ9.1pxQ0bEiAjggSt--aC_N_UWvvaQVl9xaOZ-SbVlVaYo
09 Sep 2022 10:58:20,201  INFO [utility.Log:67] gameUserId:USUD_0_1@localhost
09 Sep 2022 10:58:20,231  INFO [utility.Log:76] gameHost:USUD_0_1@localhost
09 Sep 2022 10:58:20,253  INFO [utility.Log:85] gameToken:eyJ0eXAiOiJKV1QiLCJhbGciOiJIUzI1NiJ9.eyJqaWQiOiJVU1VEXzBfMUBsb2NhbGhvc3QiLCJleHAiOiJNb24gT2N0IDI0IDEwOjU4OjE5IElTVCAyMDIyIn0.xo7pePLp53UsryxGqp0GE4nKhmoRMS5eTZg3KfC-8Mc
09 Sep 2022 11:01:13,888  INFO [utility.Log:89] User ID :USUD_0_2
09 Sep 2022 11:01:13,930  INFO [utility.Log:97] Server Time :1662701471582
09 Sep 2022 11:01:13,951  INFO [utility.Log:105] OTP Expire Time:1663565471564
09 Sep 2022 11:01:15,189  INFO [utility.Log:43] User ID :USUD_0_3
09 Sep 2022 11:01:15,209  INFO [utility.Log:51] Server Time :1662701474158
09 Sep 2022 11:01:15,230  INFO [utility.Log:59] OTP Expire Time:1663565474049
09 Sep 2022 11:01:15,743  INFO [utility.Log:43] User ID :USUD_0_4
09 Sep 2022 11:01:15,766  INFO [utility.Log:51] Server Time :1662701474686
09 Sep 2022 11:01:15,787  INFO [utility.Log:59] OTP Expire Time:1663565474605
09 Sep 2022 11:01:16,368  INFO [utility.Log:89] User ID :USUD_0_2
09 Sep 2022 11:01:16,404  INFO [utility.Log:97] Server Time :1662701475330
09 Sep 2022 11:01:16,449  INFO [utility.Log:105] OTP Expire Time:1663565475258
09 Sep 2022 11:01:17,656  INFO [utility.Log:42] userAccountStatus :NewUser
09 Sep 2022 11:01:17,676  INFO [utility.Log:50] loginType :ExistingUserWithSameDevice
09 Sep 2022 11:01:17,696  INFO [utility.Log:58] accessToken:Bearer eyJ0eXAiOiJKV1QiLCJhbGciOiJIUzI1NiJ9.eyJpYXQiOjE2NjI3MDE0NzYsInN1YiI6InJ1bW15c2Vhc29uIiwidXNlcklkIjoiVVNVRF8wXzEiLCJkZXZpY2VUeXBlIjoiQU5EUk9JRCIsImRldmljZUlkIjoiMjIyMjIyMjIiLCJpcEFkZHJlc3MiOiIxNzIuMjAuNjIuMSIsInJvbGVzIjpbIlJPTEVfUExBWUVSIl0sImlzcyI6InJ1bW15c2Vhc29uIiwiZXhwIjoxNjYyODc0Mjc2NjE3LCJyZWZyZXNoIjoxNjYzMTMzNDc2NDYzfQ.uYGWicC8ohX955xEow2oULzHvGtF1kOxbwvaKmuFpMM
09 Sep 2022 11:01:17,721  INFO [utility.Log:67] gameUserId:USUD_0_1@localhost
09 Sep 2022 11:01:17,743  INFO [utility.Log:76] gameHost:USUD_0_1@localhost
09 Sep 2022 11:01:17,768  INFO [utility.Log:85] gameToken:eyJ0eXAiOiJKV1QiLCJhbGciOiJIUzI1NiJ9.eyJqaWQiOiJVU1VEXzBfMUBsb2NhbGhvc3QiLCJleHAiOiJNb24gT2N0IDI0IDExOjAxOjE2IElTVCAyMDIyIn0.33v58RreceNpK5tDr_QXKrwa_G35JuiI4wub0jxCmDc
09 Sep 2022 11:03:36,237  INFO [utility.Log:89] User ID :USUD_0_2
09 Sep 2022 11:03:36,279  INFO [utility.Log:97] Server Time :1662701613735
09 Sep 2022 11:03:36,308  INFO [utility.Log:105] OTP Expire Time:1663565613665
09 Sep 2022 11:03:37,393  INFO [utility.Log:43] User ID :USUD_0_3
09 Sep 2022 11:03:37,417  INFO [utility.Log:51] Server Time :1662701616366
09 Sep 2022 11:03:37,442  INFO [utility.Log:59] OTP Expire Time:1663565616285
09 Sep 2022 11:03:38,043  INFO [utility.Log:43] User ID :USUD_0_4
09 Sep 2022 11:03:38,077  INFO [utility.Log:51] Server Time :1662701617007
09 Sep 2022 11:03:38,106  INFO [utility.Log:59] OTP Expire Time:1663565616926
09 Sep 2022 11:03:38,607  INFO [utility.Log:89] User ID :USUD_0_2
09 Sep 2022 11:03:38,630  INFO [utility.Log:97] Server Time :1662701617576
09 Sep 2022 11:03:38,653  INFO [utility.Log:105] OTP Expire Time:1663565617564
09 Sep 2022 11:03:39,730  INFO [utility.Log:42] userAccountStatus :NewUser
09 Sep 2022 11:03:39,750  INFO [utility.Log:50] loginType :ExistingUserWithSameDevice
09 Sep 2022 11:03:39,769  INFO [utility.Log:58] accessToken:Bearer eyJ0eXAiOiJKV1QiLCJhbGciOiJIUzI1NiJ9.eyJpYXQiOjE2NjI3MDE2MTgsInN1YiI6InJ1bW15c2Vhc29uIiwidXNlcklkIjoiVVNVRF8wXzEiLCJkZXZpY2VUeXBlIjoiQU5EUk9JRCIsImRldmljZUlkIjoiMjIyMjIyMjIiLCJpcEFkZHJlc3MiOiIxMDAuOTYuNS4xIiwicm9sZXMiOlsiUk9MRV9QTEFZRVIiXSwiaXNzIjoicnVtbXlzZWFzb24iLCJleHAiOjE2NjI4NzQ0MTg2ODQsInJlZnJlc2giOjE2NjMxMzM2MTg0NTh9.K1wTO5n61iiWjHCmcA1Q05LWfd-yOEBpBcuEzJZes7U
09 Sep 2022 11:03:39,791  INFO [utility.Log:67] gameUserId:USUD_0_1@localhost
09 Sep 2022 11:03:39,813  INFO [utility.Log:76] gameHost:USUD_0_1@localhost
09 Sep 2022 11:03:39,832  INFO [utility.Log:85] gameToken:eyJ0eXAiOiJKV1QiLCJhbGciOiJIUzI1NiJ9.eyJqaWQiOiJVU1VEXzBfMUBsb2NhbGhvc3QiLCJleHAiOiJNb24gT2N0IDI0IDExOjAzOjM4IElTVCAyMDIyIn0.wdEoeavqWn5wEPiVItlnGWzpC7AxhTgTuufzZZ1W-RA
